[debug] [2021-03-15T00:41:07.479Z] ----------------------------------------------------------------------
[debug] [2021-03-15T00:41:07.486Z] Command:       C:\Program Files\nodejs\node.exe C:\Users\HP-10\AppData\Roaming\npm\node_modules\firebase-tools\lib\bin\firebase.js init
[debug] [2021-03-15T00:41:07.488Z] CLI Version:   9.6.1
[debug] [2021-03-15T00:41:07.490Z] Platform:      win32
[debug] [2021-03-15T00:41:07.490Z] Node Version:  v12.20.0
[debug] [2021-03-15T00:41:07.492Z] Time:          Sun Mar 14 2021 18:41:07 GMT-0600 (GMT-06:00)
[debug] [2021-03-15T00:41:07.492Z] ----------------------------------------------------------------------
[debug] [2021-03-15T00:41:07.493Z] 
[debug] [2021-03-15T00:41:07.505Z] > command requires scopes: ["email","openid","https://www.googleapis.com/auth/cloudplatformprojects.readonly","https://www.googleapis.com/auth/firebase","https://www.googleapis.com/auth/cloud-platform"]
[debug] [2021-03-15T00:41:07.507Z] > authorizing via signed-in user
[info] 
     ######## #### ########  ######## ########     ###     ######  ########
     ##        ##  ##     ## ##       ##     ##  ##   ##  ##       ##
     ######    ##  ########  ######   ########  #########  ######  ######
     ##        ##  ##    ##  ##       ##     ## ##     ##       ## ##
     ##       #### ##     ## ######## ########  ##     ##  ######  ########

You're about to initialize a Firebase project in this directory:

  C:\Users\HP-10\Developer\Laboratoria\CDMX010-social-network

[info] 
=== Project Setup
[info] 
[info] First, let's associate this project directory with a Firebase project.
[info] You can create multiple project aliases by running firebase use --add, 
[info] but for now we'll just set up a default project.
[info] 
[debug] [2021-03-15T00:43:23.325Z] >>> [apiv2][query] GET https://firebase.googleapis.com/v1beta1/projects pageSize=100
[debug] [2021-03-15T00:43:23.715Z] <<< [apiv2][status] GET https://firebase.googleapis.com/v1beta1/projects 200
[debug] [2021-03-15T00:43:23.716Z] <<< [apiv2][body] GET https://firebase.googleapis.com/v1beta1/projects [omitted]
[info] i  Using project novaapp-67e15 (novaApp) 
[info] 
=== Hosting Setup
[info] 
[info] Your public directory is the folder (relative to your project directory) that
[info] will contain Hosting assets to be uploaded with firebase deploy. If you
[info] have a build process for your assets, use your build's output directory.
[info] 
[debug] [2021-03-15T00:44:23.337Z] >>> [apiv2][query] GET https://www.gstatic.com/firebasejs/releases.json [none]
[debug] [2021-03-15T00:44:23.465Z] <<< [apiv2][status] GET https://www.gstatic.com/firebasejs/releases.json 200
[debug] [2021-03-15T00:44:23.465Z] <<< [apiv2][body] GET https://www.gstatic.com/firebasejs/releases.json {"current":{"version":"8.3.0","browserURL":"https://www.gstatic.com/firebasejs/8.3.0/firebase.js","packageURL":"https://www.gstatic.com/firebasejs/8.3.0/firebase.tgz"},"live":{"version":"8.3","browserURL":"https://www.gstatic.com/firebasejs/live/8.3/firebase.js","packageURL":"https://www.gstatic.com/firebasejs/live/8.3/firebase.tgz"},"components":{"analytics":"https://www.gstatic.com/firebasejs/8.3.0/firebase-analytics.js","app":"https://www.gstatic.com/firebasejs/8.3.0/firebase-app.js","auth":"https://www.gstatic.com/firebasejs/8.3.0/firebase-auth.js","database":"https://www.gstatic.com/firebasejs/8.3.0/firebase-database.js","firestore":"https://www.gstatic.com/firebasejs/8.3.0/firebase-firestore.js","functions":"https://www.gstatic.com/firebasejs/8.3.0/firebase-functions.js","installations":"https://www.gstatic.com/firebasejs/8.3.0/firebase-installations.js","messaging":"https://www.gstatic.com/firebasejs/8.3.0/firebase-messaging.js","storage":"https://www.gstatic.com/firebasejs/8.3.0/firebase-storage.js","performance":"https://www.gstatic.com/firebasejs/8.3.0/firebase-performance.js","remote-config":"https://www.gstatic.com/firebasejs/8.3.0/firebase-remote-config.js","firestore.memory":"https://www.gstatic.com/firebasejs/8.3.0/firebase-firestore.memory.js"}}
[info] +  Wrote public/index.html 
[info] 
[info] i  Detected a .git folder at C:\Users\HP-10\Developer\Laboratoria\CDMX010-social-network 
[info] i  Authorizing with GitHub to upload your service account to a GitHub repository's secrets store. 
[info] 
[info] Visit this URL on this device to log in:
[info] https://github.com/login/oauth/authorize?client_id=89cf50f02ac6aaed3484&state=1039788143&redirect_uri=http%3A%2F%2Flocalhost%3A9005&scope=read%3Auser%20repo%20public_repo
[info] 
[info] Waiting for authentication...
[debug] [2021-03-15T00:44:33.707Z] >>> HTTP REQUEST POST https://github.com/login/oauth/access_token  
 {"client_id":"89cf50f02ac6aaed3484","client_secret":"3330d14abc895d9a74d5f17cd7a00711fa2c5bf0","code":"d37426f12d2d95c1c458","redirect_uri":"http://localhost:9005","state":"1039788143"}
[debug] [2021-03-15T00:44:34.008Z] <<< HTTP RESPONSE 200 {"server":"GitHub.com","date":"Mon, 15 Mar 2021 00:44:34 GMT","content-type":"application/json; charset=utf-8","transfer-encoding":"chunked","vary":"X-PJAX, Accept-Encoding, Accept, X-Requested-With","etag":"W/\"cc03314aefb5c833f1408da0984038f9\"","cache-control":"max-age=0, private, must-revalidate","strict-transport-security":"max-age=31536000; includeSubdomains; preload","x-frame-options":"deny","x-content-type-options":"nosniff","x-xss-protection":"1; mode=block","referrer-policy":"origin-when-cross-origin, strict-origin-when-cross-origin","expect-ct":"max-age=2592000, report-uri=\"https://api.github.com/_private/browser/errors\"","content-security-policy":"default-src 'none'; base-uri 'self'; block-all-mixed-content; connect-src 'self' uploads.github.com www.githubstatus.com collector.githubapp.com api.github.com github-cloud.s3.amazonaws.com github-production-repository-file-5c1aeb.s3.amazonaws.com github-production-upload-manifest-file-7fdce7.s3.amazonaws.com github-production-user-asset-6210df.s3.amazonaws.com cdn.optimizely.com logx.optimizely.com/v1/events wss://alive.github.com; font-src github.githubassets.com; form-action 'self' github.com gist.github.com; frame-ancestors 'none'; frame-src render.githubusercontent.com; img-src 'self' data: github.githubassets.com identicons.github.com collector.githubapp.com github-cloud.s3.amazonaws.com secured-user-images.githubusercontent.com/ *.githubusercontent.com; manifest-src 'self'; media-src 'none'; script-src github.githubassets.com; style-src 'unsafe-inline' github.githubassets.com; worker-src github.com/socket-worker-6832eced.js gist.github.com/socket-worker-6832eced.js","x-github-request-id":"5A35:60BD:185F286:20BC512:604EADF2"}
[debug] [2021-03-15T00:44:34.012Z] >>> [apiv2][query] GET https://api.github.com/user [none]
[debug] [2021-03-15T00:44:34.419Z] <<< [apiv2][status] GET https://api.github.com/user 200
[debug] [2021-03-15T00:44:34.419Z] <<< [apiv2][body] GET https://api.github.com/user {"login":"anahicalderon","id":75272830,"node_id":"MDQ6VXNlcjc1MjcyODMw","avatar_url":"https://avatars.githubusercontent.com/u/75272830?v=4","gravatar_id":"","url":"https://api.github.com/users/anahicalderon","html_url":"https://github.com/anahicalderon","followers_url":"https://api.github.com/users/anahicalderon/followers","following_url":"https://api.github.com/users/anahicalderon/following{/other_user}","gists_url":"https://api.github.com/users/anahicalderon/gists{/gist_id}","starred_url":"https://api.github.com/users/anahicalderon/starred{/owner}{/repo}","subscriptions_url":"https://api.github.com/users/anahicalderon/subscriptions","organizations_url":"https://api.github.com/users/anahicalderon/orgs","repos_url":"https://api.github.com/users/anahicalderon/repos","events_url":"https://api.github.com/users/anahicalderon/events{/privacy}","received_events_url":"https://api.github.com/users/anahicalderon/received_events","type":"User","site_admin":false,"name":"Anahi Morales Calderón","company":null,"blog":"","location":null,"email":null,"hireable":null,"bio":null,"twitter_username":null,"public_repos":4,"public_gists":0,"followers":0,"following":0,"created_at":"2020-11-30T18:28:38Z","updated_at":"2021-03-15T00:44:34Z","private_gists":0,"total_private_repos":0,"owned_private_repos":0,"disk_usage":12027,"collaborators":0,"two_factor_authentication":false,"plan":{"name":"free","space":976562499,"collaborators":0,"private_repos":10000}}
[info] 
[info] +  Success! Logged into GitHub as anahicalderon 
[info] 
